/Users/yk/anaconda3/envs/bioconda/lib/python3.7/site-packages/notebook/services/kernels/kernelmanager.py:19: VisibleDeprecationWarning: zmq.eventloop.minitornado is deprecated in pyzmq 14.0 and will be removed.
    Install tornado itself to use zmq with the tornado IOLoop.
    
  from jupyter_client.session import Session
[I 13:59:09.304 LabApp] JupyterLab extension loaded from /Users/yk/anaconda3/envs/bioconda/lib/python3.7/site-packages/jupyterlab
[I 13:59:09.305 LabApp] JupyterLab application directory is /Users/yk/anaconda3/envs/bioconda/share/jupyter/lab
[I 13:59:09.306 LabApp] 启动notebooks 在本地路径: /Users/yk/work/Microbiology/16S-FAST/script_split
[I 13:59:09.306 LabApp] 本程序运行在: http://localhost:8888/?token=43f804867fe112596ff87a54ffd0be8186fe369eccc0193d
[I 13:59:09.306 LabApp]  or http://127.0.0.1:8888/?token=43f804867fe112596ff87a54ffd0be8186fe369eccc0193d
[I 13:59:09.307 LabApp] 使用control-c停止此服务器并关闭所有内核(两次跳过确认).
[C 13:59:09.313 LabApp] 
    
    To access the notebook, open this file in a browser:
        file:///Users/yk/Library/Jupyter/runtime/nbserver-60909-open.html
    Or copy and paste one of these URLs:
        http://localhost:8888/?token=43f804867fe112596ff87a54ffd0be8186fe369eccc0193d
     or http://127.0.0.1:8888/?token=43f804867fe112596ff87a54ffd0be8186fe369eccc0193d
[W 13:59:12.769 LabApp] Could not determine jupyterlab build status without nodejs
[W 13:59:13.274 LabApp] 404 GET /api/contents/plot_boxplot_report.ipynb?content=0&1575266353270 (::1): No such file or directory: plot_boxplot_report.ipynb
[W 13:59:13.274 LabApp] No such file or directory: plot_boxplot_report.ipynb
[W 13:59:13.275 LabApp] 404 GET /api/contents/plot_boxplot_report.ipynb?content=0&1575266353270 (::1) 1.45ms referer=http://localhost:8888/lab
[I 13:59:52.020 LabApp] Kernel started: 2e3f03e5-772a-412a-b105-685e653fab50
/Users/yk/anaconda3/envs/bioconda/lib/python3.7/site-packages/ipykernel_launcher.py:15: VisibleDeprecationWarning: zmq.eventloop.minitornado is deprecated in pyzmq 14.0 and will be removed.
    Install tornado itself to use zmq with the tornado IOLoop.
    
  from ipykernel import kernelapp as app
[I 14:01:25.092 LabApp] Saving file at /README.md
[I 17:19:02.405 LabApp] Shutting down on /api/shutdown request.
[I 17:19:02.408 LabApp] 关闭 1 服务
Assertion failed: rc == 0 (src/socket_poller.cpp:41)
[I 17:19:02.613 LabApp] Kernel shutdown: 2e3f03e5-772a-412a-b105-685e653fab50
/Users/yk/anaconda3/envs/bioconda/lib/python3.7/site-packages/notebook/services/kernels/kernelmanager.py:19: VisibleDeprecationWarning: zmq.eventloop.minitornado is deprecated in pyzmq 14.0 and will be removed.
    Install tornado itself to use zmq with the tornado IOLoop.
    
  from jupyter_client.session import Session
[I 09:25:41.263 LabApp] JupyterLab extension loaded from /Users/yk/anaconda3/envs/bioconda/lib/python3.7/site-packages/jupyterlab
[I 09:25:41.264 LabApp] JupyterLab application directory is /Users/yk/anaconda3/envs/bioconda/share/jupyter/lab
[I 09:25:41.265 LabApp] 启动notebooks 在本地路径: /Users/yk/work/Microbiology/16S-FAST/script_split
[I 09:25:41.265 LabApp] 本程序运行在: http://localhost:8888/?token=27f42357051a9eaed937c4ab8610b2c9bb4971d7e377c1ff
[I 09:25:41.265 LabApp]  or http://127.0.0.1:8888/?token=27f42357051a9eaed937c4ab8610b2c9bb4971d7e377c1ff
[I 09:25:41.265 LabApp] 使用control-c停止此服务器并关闭所有内核(两次跳过确认).
[C 09:25:41.273 LabApp] 
    
    To access the notebook, open this file in a browser:
        file:///Users/yk/Library/Jupyter/runtime/nbserver-64992-open.html
    Or copy and paste one of these URLs:
        http://localhost:8888/?token=27f42357051a9eaed937c4ab8610b2c9bb4971d7e377c1ff
     or http://127.0.0.1:8888/?token=27f42357051a9eaed937c4ab8610b2c9bb4971d7e377c1ff
[W 09:25:43.952 LabApp] Could not determine jupyterlab build status without nodejs
[W 09:25:44.344 LabApp] 404 GET /api/contents/%E6%9C%AA%E5%91%BD%E5%90%8D.ipynb?content=0&1575422744340 (::1): No such file or directory: 未命名.ipynb
[W 09:25:44.344 LabApp] No such file or directory: 未命名.ipynb
[W 09:25:44.344 LabApp] 404 GET /api/contents/%E6%9C%AA%E5%91%BD%E5%90%8D.ipynb?content=0&1575422744340 (::1) 1.43ms referer=http://localhost:8888/lab
[I 09:40:39.024 LabApp] Saving file at /16S_FAST_Analysis_0.4.1.py
[I 09:40:43.521 LabApp] Creating new notebook in /
[I 09:40:43.772 LabApp] Kernel started: b08a1a17-0404-4f67-b6d4-42ab09463001
/Users/yk/anaconda3/envs/bioconda/lib/python3.7/site-packages/ipykernel_launcher.py:15: VisibleDeprecationWarning: zmq.eventloop.minitornado is deprecated in pyzmq 14.0 and will be removed.
    Install tornado itself to use zmq with the tornado IOLoop.
    
  from ipykernel import kernelapp as app
[I 09:42:43.679 LabApp] Saving file at /raw.ipynb
[I 09:44:43.716 LabApp] Saving file at /raw.ipynb
[I 09:46:43.737 LabApp] Saving file at /raw.ipynb
[I 09:48:43.766 LabApp] Saving file at /raw.ipynb
[I 09:50:44.784 LabApp] Saving file at /raw.ipynb
[I 09:52:44.871 LabApp] Saving file at /raw.ipynb
[I 09:54:44.931 LabApp] Saving file at /raw.ipynb
[I 09:56:44.962 LabApp] Saving file at /raw.ipynb
[I 09:58:44.991 LabApp] Saving file at /raw.ipynb
[I 10:00:46.916 LabApp] Saving file at /raw.ipynb
[I 10:02:46.976 LabApp] Saving file at /raw.ipynb
[I 10:16:50.061 LabApp] Saving file at /raw.ipynb
[I 10:18:50.121 LabApp] Saving file at /raw.ipynb
[I 10:24:50.161 LabApp] Saving file at /raw.ipynb
[I 10:26:50.191 LabApp] Saving file at /raw.ipynb
[I 10:28:50.222 LabApp] Saving file at /raw.ipynb
[I 10:30:50.280 LabApp] Saving file at /raw.ipynb
[I 10:38:51.884 LabApp] Saving file at /raw.ipynb
[I 10:50:54.244 LabApp] Saving file at /raw.ipynb
[I 10:52:54.694 LabApp] Saving file at /raw.ipynb
[I 10:54:55.068 LabApp] Saving file at /raw.ipynb
[I 10:56:55.132 LabApp] Saving file at /raw.ipynb
[I 11:06:59.879 LabApp] Saving file at /raw.ipynb
[I 11:09:00.804 LabApp] Saving file at /raw.ipynb
[I 11:11:00.889 LabApp] Saving file at /raw.ipynb
[I 11:13:02.381 LabApp] Saving file at /raw.ipynb
[I 14:24:27.150 LabApp] Saving file at /raw.ipynb
[I 14:26:27.189 LabApp] Saving file at /raw.ipynb
[I 14:30:29.545 LabApp] Saving file at /raw.ipynb
[I 14:32:30.117 LabApp] Saving file at /raw.ipynb
[I 14:34:30.176 LabApp] Saving file at /raw.ipynb
[I 14:36:30.205 LabApp] Saving file at /raw.ipynb
[I 14:38:30.237 LabApp] Saving file at /raw.ipynb
[I 14:40:30.269 LabApp] Saving file at /raw.ipynb
[I 14:42:30.336 LabApp] Saving file at /raw.ipynb
[I 14:44:30.362 LabApp] Saving file at /raw.ipynb
[I 14:46:30.404 LabApp] Saving file at /raw.ipynb
[I 14:48:30.443 LabApp] Saving file at /raw.ipynb
[I 14:50:30.476 LabApp] Saving file at /raw.ipynb
[I 15:22:38.176 LabApp] Saving file at /raw.ipynb
[I 15:24:38.221 LabApp] Saving file at /raw.ipynb
[I 15:26:38.251 LabApp] Saving file at /raw.ipynb
[I 15:28:38.282 LabApp] Saving file at /raw.ipynb
[I 15:30:38.347 LabApp] Saving file at /raw.ipynb
[I 15:32:38.384 LabApp] Saving file at /raw.ipynb
[I 15:36:39.196 LabApp] Saving file at /raw.ipynb
[I 15:38:39.225 LabApp] Saving file at /raw.ipynb
[I 15:40:39.249 LabApp] Saving file at /raw.ipynb
[I 15:42:39.278 LabApp] Saving file at /raw.ipynb
[I 15:44:39.338 LabApp] Saving file at /raw.ipynb
[I 15:48:39.378 LabApp] Saving file at /raw.ipynb
[I 15:50:39.436 LabApp] Saving file at /raw.ipynb
[I 15:52:39.464 LabApp] Saving file at /raw.ipynb
[I 15:54:39.486 LabApp] Saving file at /raw.ipynb
[I 15:56:39.545 LabApp] Saving file at /raw.ipynb
[I 15:58:39.572 LabApp] Saving file at /raw.ipynb
[I 16:00:39.601 LabApp] Saving file at /raw.ipynb
[I 16:02:41.185 LabApp] Saving file at /raw.ipynb
[I 16:04:41.220 LabApp] Saving file at /16S_FAST_Analysis_0.4.1.py
[I 16:10:43.246 LabApp] Saving file at /16S_FAST_Analysis_0.4.1.py
[I 16:14:02.900 LabApp] Saving file at /script/__init__.py
[I 16:14:43.293 LabApp] Saving file at /16S_FAST_Analysis_0.4.1.py
[I 16:15:08.529 LabApp] Saving file at /16S_FAST_Analysis_0.4.1.py
[I 16:17:01.473 LabApp] Saving file at /16S_FAST_Analysis_0.4.1.py
[I 16:17:02.015 LabApp] Saving file at /16S_FAST_Analysis_0.4.1.py
[I 16:17:38.078 LabApp] Saving file at /16S_FAST_Analysis_0.4.1.py
[I 16:18:26.293 LabApp] Saving file at /16S_FAST_Analysis_0.4.1.py
[I 16:21:31.317 LabApp] Saving file at /script/corresponding_seq2umi.py
[I 16:23:11.999 LabApp] Saving file at /script/assemble_fastq_from_list.py
[I 16:23:29.964 LabApp] Saving file at /script/group_umi_seq.py
[I 16:23:30.733 LabApp] Saving file at /script/group_umi_seq.py
[I 16:23:53.839 LabApp] Saving file at /script/corresponding_seq2umi.py
[I 16:23:54.070 LabApp] Saving file at /script/corresponding_seq2umi.py
[I 16:24:22.136 LabApp] Saving file at /script/corresponding_seq2umi.py
[I 16:24:40.663 LabApp] Saving file at /script/group_umi_seq.py
[I 16:24:40.881 LabApp] Saving file at /script/group_umi_seq.py
[I 16:24:45.823 LabApp] Saving file at /script/assemble_fastq_from_list.py
[I 16:24:46.014 LabApp] Saving file at /script/assemble_fastq_from_list.py
[I 16:25:16.787 LabApp] Saving file at /script/assemble_fastq_from_list.py
[I 16:25:16.964 LabApp] Saving file at /script/assemble_fastq_from_list.py
[I 16:25:17.112 LabApp] Saving file at /script/assemble_fastq_from_list.py
